[INFO] Scanning for projects...
[INFO] 
[INFO] -----------------< com.sahilKumar:house-rental-portal >-----------------
[INFO] Building house-rental-portal 0.0.1-SNAPSHOT
[INFO]   from pom.xml
[INFO] --------------------------------[ jar ]---------------------------------
[INFO] 
[INFO] >>> spring-boot:3.5.5:run (default-cli) > test-compile @ house-rental-portal >>>
[INFO] 
[INFO] --- resources:3.3.1:resources (default-resources) @ house-rental-portal ---
[INFO] Copying 1 resource from src\main\resources to target\classes
[INFO] Copying 0 resource from src\main\resources to target\classes
[INFO] 
[INFO] --- compiler:3.14.0:compile (default-compile) @ house-rental-portal ---
[INFO] Nothing to compile - all classes are up to date.
[INFO] 
[INFO] --- resources:3.3.1:testResources (default-testResources) @ house-rental-portal ---
[INFO] skip non existing resourceDirectory C:\Users\sahil\OneDrive\Desktop\house-rental-portal\backend\src\test\resources
[INFO] 
[INFO] --- compiler:3.14.0:testCompile (default-testCompile) @ house-rental-portal ---
[INFO] Recompiling the module because of changed source code.
[INFO] Compiling 1 source file with javac [debug parameters release 17] to target\test-classes
[INFO] 
[INFO] <<< spring-boot:3.5.5:run (default-cli) < test-compile @ house-rental-portal <<<
[INFO] 
[INFO] 
[INFO] --- spring-boot:3.5.5:run (default-cli) @ house-rental-portal ---
[INFO] Attaching agents: []

  .   ____          _            __ _ _
 /\\ / ___'_ __ _ _(_)_ __  __ _ \ \ \ \
( ( )\___ | '_ | '_| | '_ \/ _` | \ \ \ \
 \\/  ___)| |_)| | | | | || (_| |  ) ) ) )
  '  |____| .__|_| |_|_| |_\__, | / / / /
 =========|_|==============|___/=/_/_/_/

 :: Spring Boot ::                (v3.5.5)

2025-09-12T11:51:12.249+05:30  INFO 13900 --- [house-rental-portal] [           main] c.s.h.HouseRentalPortalApplication       : Starting HouseRentalPortalApplication using Java 23.0.1 with PID 13900 (C:\Users\sahil\OneDrive\Desktop\house-rental-portal\backend\target\classes started by sahil in C:\Users\sahil\OneDrive\Desktop\house-rental-portal\backend)
2025-09-12T11:51:12.252+05:30  INFO 13900 --- [house-rental-portal] [           main] c.s.h.HouseRentalPortalApplication       : No active profile set, falling back to 1 default profile: "default"
2025-09-12T11:51:13.360+05:30  INFO 13900 --- [house-rental-portal] [           main] .s.d.r.c.RepositoryConfigurationDelegate : Bootstrapping Spring Data JPA repositories in DEFAULT mode.
2025-09-12T11:51:13.545+05:30  INFO 13900 --- [house-rental-portal] [           main] .s.d.r.c.RepositoryConfigurationDelegate : Finished Spring Data repository scanning in 163 ms. Found 5 JPA repository interfaces.
2025-09-12T11:51:14.558+05:30  INFO 13900 --- [house-rental-portal] [           main] o.s.b.w.embedded.tomcat.TomcatWebServer  : Tomcat initialized with port 8081 (http)
2025-09-12T11:51:14.577+05:30  INFO 13900 --- [house-rental-portal] [           main] o.apache.catalina.core.StandardService   : Starting service [Tomcat]
2025-09-12T11:51:14.578+05:30  INFO 13900 --- [house-rental-portal] [           main] o.apache.catalina.core.StandardEngine    : Starting Servlet engine: [Apache Tomcat/10.1.44]
2025-09-12T11:51:14.680+05:30  INFO 13900 --- [house-rental-portal] [           main] o.a.c.c.C.[Tomcat].[localhost].[/]       : Initializing Spring embedded WebApplicationContext
2025-09-12T11:51:14.682+05:30  INFO 13900 --- [house-rental-portal] [           main] w.s.c.ServletWebServerApplicationContext : Root WebApplicationContext: initialization completed in 2357 ms
2025-09-12T11:51:14.932+05:30  INFO 13900 --- [house-rental-portal] [           main] o.hibernate.jpa.internal.util.LogHelper  : HHH000204: Processing PersistenceUnitInfo [name: default]
2025-09-12T11:51:14.977+05:30  INFO 13900 --- [house-rental-portal] [           main] org.hibernate.Version                    : HHH000412: Hibernate ORM core version 6.6.26.Final
2025-09-12T11:51:15.018+05:30  INFO 13900 --- [house-rental-portal] [           main] o.h.c.internal.RegionFactoryInitiator    : HHH000026: Second-level cache disabled
2025-09-12T11:51:15.411+05:30  INFO 13900 --- [house-rental-portal] [           main] o.s.o.j.p.SpringPersistenceUnitInfo      : No LoadTimeWeaver setup: ignoring JPA class transformer
2025-09-12T11:51:15.477+05:30  INFO 13900 --- [house-rental-portal] [           main] com.zaxxer.hikari.HikariDataSource       : HikariPool-1 - Starting...
2025-09-12T11:51:16.278+05:30  INFO 13900 --- [house-rental-portal] [           main] com.zaxxer.hikari.pool.HikariPool        : HikariPool-1 - Added connection com.mysql.cj.jdbc.ConnectionImpl@7f2ca6f8
2025-09-12T11:51:16.282+05:30  INFO 13900 --- [house-rental-portal] [           main] com.zaxxer.hikari.HikariDataSource       : HikariPool-1 - Start completed.
2025-09-12T11:51:16.444+05:30  INFO 13900 --- [house-rental-portal] [           main] org.hibernate.orm.connections.pooling    : HHH10001005: Database info:
	Database JDBC URL [Connecting through datasource 'HikariDataSource (HikariPool-1)']
	Database driver: undefined/unknown
	Database version: 8.0.37
	Autocommit mode: undefined/unknown
	Isolation level: undefined/unknown
	Minimum pool size: undefined/unknown
	Maximum pool size: undefined/unknown
2025-09-12T11:51:18.282+05:30  INFO 13900 --- [house-rental-portal] [           main] o.h.e.t.j.p.i.JtaPlatformInitiator       : HHH000489: No JTA platform available (set 'hibernate.transaction.jta.platform' to enable JTA platform integration)
2025-09-12T11:51:18.469+05:30  INFO 13900 --- [house-rental-portal] [           main] j.LocalContainerEntityManagerFactoryBean : Initialized JPA EntityManagerFactory for persistence unit 'default'
2025-09-12T11:51:19.035+05:30  INFO 13900 --- [house-rental-portal] [           main] r$InitializeUserDetailsManagerConfigurer : Global AuthenticationManager configured with UserDetailsService bean with name userDetailsServiceImpl
2025-09-12T11:51:19.073+05:30  INFO 13900 --- [house-rental-portal] [           main] o.s.d.j.r.query.QueryEnhancerFactory     : Hibernate is in classpath; If applicable, HQL parser will be used.
2025-09-12T11:51:19.816+05:30  WARN 13900 --- [house-rental-portal] [           main] JpaBaseConfiguration$JpaWebConfiguration : spring.jpa.open-in-view is enabled by default. Therefore, database queries may be performed during view rendering. Explicitly configure spring.jpa.open-in-view to disable this warning
2025-09-12T11:51:20.452+05:30  WARN 13900 --- [house-rental-portal] [           main] ConfigServletWebServerApplicationContext : Exception encountered during context initialization - cancelling refresh attempt: org.springframework.context.ApplicationContextException: Failed to start bean 'webServerStartStop'
2025-09-12T11:51:20.457+05:30  INFO 13900 --- [house-rental-portal] [           main] j.LocalContainerEntityManagerFactoryBean : Closing JPA EntityManagerFactory for persistence unit 'default'
2025-09-12T11:51:20.461+05:30  INFO 13900 --- [house-rental-portal] [           main] com.zaxxer.hikari.HikariDataSource       : HikariPool-1 - Shutdown initiated...
2025-09-12T11:51:20.475+05:30  INFO 13900 --- [house-rental-portal] [           main] com.zaxxer.hikari.HikariDataSource       : HikariPool-1 - Shutdown completed.
2025-09-12T11:51:20.493+05:30  INFO 13900 --- [house-rental-portal] [           main] .s.b.a.l.ConditionEvaluationReportLogger : 

Error starting ApplicationContext. To display the condition evaluation report re-run your application with 'debug' enabled.
2025-09-12T11:51:20.516+05:30 ERROR 13900 --- [house-rental-portal] [           main] o.s.b.d.LoggingFailureAnalysisReporter   : 

***************************
APPLICATION FAILED TO START
***************************

Description:

Web server failed to start. Port 8081 was already in use.

Action:

Identify and stop the process that's listening on port 8081 or configure this application to listen on another port.

[INFO] ------------------------------------------------------------------------
[INFO] BUILD FAILURE
[INFO] ------------------------------------------------------------------------
[INFO] Total time:  14.469 s
[INFO] Finished at: 2025-09-12T11:51:20+05:30
[INFO] ------------------------------------------------------------------------
[ERROR] Failed to execute goal org.springframework.boot:spring-boot-maven-plugin:3.5.5:run (default-cli) on project house-rental-portal: Process terminated with exit code: 1 -> [Help 1]
[ERROR] 
[ERROR] To see the full stack trace of the errors, re-run Maven with the -e switch.
[ERROR] Re-run Maven using the -X switch to enable full debug logging.
[ERROR] 
[ERROR] For more information about the errors and possible solutions, please read the following articles:
[ERROR] [Help 1] http://cwiki.apache.org/confluence/display/MAVEN/MojoExecutionException
